

Microchip Technology PIC18 LITE Macro Assembler V1.35 build -356382666 
                                                                                               Tue Jan 23 10:28:59 2018

Microchip Technology Omniscient Code Generator v1.35 (Free mode) build 201507080246
     1                           	processor	18F4331
     2                           	fnconf	rparam,??,?,0
     3                           	opt	pw 120
     4                           	opt	lm
     5                           	psect	cinit,global,reloc=2,class=CODE,delta=1
     6                           	psect	cstackCOMRAM,global,class=COMRAM,space=1,delta=1
     7                           	psect	text0,global,reloc=2,class=CODE,delta=1
     8                           	psect	text1,global,reloc=2,class=CODE,delta=1
     9                           	psect	text2,global,reloc=2,class=CODE,delta=1
    10                           	psect	intsave_regs,global,class=BIGRAM,space=1,delta=1
    11                           	psect	rparam,global,class=COMRAM,space=1,delta=1
    12  0000                     _LATC	set	3979
    13  0000                     _LATD	set	3980
    14  0000                     _TRISC	set	3988
    15  0000                     _TRISD	set	3989
    16                           
    17                           ; #config settings
    18                           
    19                           	psect	cinit
    20  001F56                     __pcinit:
    21                           	opt stack 0
    22  001F56                     start_initialization:
    23                           	opt stack 0
    24  001F56                     __initialization:
    25                           	opt stack 0
    26  001F56                     end_of_initialization:
    27                           	opt stack 0
    28  001F56                     __end_of__initialization:
    29                           	opt stack 0
    30  001F56  0100               	movlb	0
    31  001F58  EFDC  F00F         	goto	_main	;jump to C main() function
    32                           
    33                           	psect	cstackCOMRAM
    34  000001                     __pcstackCOMRAM:
    35                           	opt stack 0
    36  000001                     delay@t:
    37                           	opt stack 0
    38  000001                     LEDout@number:
    39                           	opt stack 0
    40                           
    41                           ; 2 bytes @ 0x0
    42  000001                     	ds	2
    43  000003                     ??_delay:
    44  000003                     ??_LEDout:
    45                           
    46                           ; 0 bytes @ 0x2
    47  000003                     	ds	1
    48  000004                     LEDout@stop:
    49                           	opt stack 0
    50                           
    51                           ; 2 bytes @ 0x3
    52  000004                     	ds	2
    53  000006                     delay@i:
    54                           	opt stack 0
    55                           
    56                           ; 1 bytes @ 0x5
    57  000006                     	ds	1
    58  000007                     main@a:
    59                           	opt stack 0
    60                           
    61                           ; 2 bytes @ 0x6
    62  000007                     	ds	2
    63                           
    64 ;;
    65 ;;Main: autosize = 0, tempsize = 0, incstack = 0, save=0
    66 ;;
    67 ;; *************** function _main *****************
    68 ;; Defined at:
    69 ;;		line 30 in file "main.c"
    70 ;; Parameters:    Size  Location     Type
    71 ;;		None
    72 ;; Auto vars:     Size  Location     Type
    73 ;;  a               2    6[COMRAM] int 
    74 ;; Return value:  Size  Location     Type
    75 ;;		None               void
    76 ;; Registers used:
    77 ;;		wreg, status,2, status,0, cstack
    78 ;; Tracked objects:
    79 ;;		On entry : 0/0
    80 ;;		On exit  : 0/0
    81 ;;		Unchanged: 0/0
    82 ;; Data sizes:     COMRAM   BANK0   BANK1   BANK2
    83 ;;      Params:         0       0       0       0
    84 ;;      Locals:         2       0       0       0
    85 ;;      Temps:          0       0       0       0
    86 ;;      Totals:         2       0       0       0
    87 ;;Total ram usage:        2 bytes
    88 ;; Hardware stack levels required when called:    1
    89 ;; This function calls:
    90 ;;		_LEDout
    91 ;;		_delay
    92 ;; This function is called by:
    93 ;;		Startup code after reset
    94 ;; This function uses a non-reentrant model
    95 ;;
    96                           
    97                           	psect	text0
    98  001FB8                     __ptext0:
    99                           	opt stack 0
   100  001FB8                     _main:
   101                           	opt stack 30
   102                           
   103                           ;main.c: 32: int a=0;
   104                           
   105                           ;incstack = 0
   106  001FB8  0E00               	movlw	0
   107  001FBA  6E08               	movwf	main@a+1,c
   108  001FBC  0E00               	movlw	0
   109  001FBE  6E07               	movwf	main@a,c
   110                           
   111                           ;main.c: 34: LATC=0;
   112  001FC0  0E00               	movlw	0
   113  001FC2  6E8B               	movwf	3979,c	;volatile
   114                           
   115                           ;main.c: 35: LATD=0;
   116  001FC4  0E00               	movlw	0
   117  001FC6  6E8C               	movwf	3980,c	;volatile
   118                           
   119                           ;main.c: 36: TRISC=0;
   120  001FC8  0E00               	movlw	0
   121  001FCA  6E94               	movwf	3988,c	;volatile
   122                           
   123                           ;main.c: 37: TRISD=0;
   124  001FCC  0E00               	movlw	0
   125  001FCE  6E95               	movwf	3989,c	;volatile
   126  001FD0                     l661:
   127                           
   128                           ;main.c: 39: a++;
   129  001FD0  4A07               	infsnz	main@a,f,c
   130  001FD2  2A08               	incf	main@a+1,f,c
   131                           
   132                           ;main.c: 40: if (a>255) {a=0;}
   133  001FD4  BE08               	btfsc	main@a+1,7,c
   134  001FD6  D007               	goto	l667
   135  001FD8  0408               	decf	main@a+1,w,c
   136  001FDA  A0D8               	btfss	status,0,c
   137  001FDC  D004               	goto	l667
   138  001FDE  0E00               	movlw	0
   139  001FE0  6E08               	movwf	main@a+1,c
   140  001FE2  0E00               	movlw	0
   141  001FE4  6E07               	movwf	main@a,c
   142  001FE6                     l667:
   143                           
   144                           ;main.c: 41: LEDout(a);
   145  001FE6  C007  F001         	movff	main@a,LEDout@number
   146  001FEA  C008  F002         	movff	main@a+1,LEDout@number+1
   147  001FEE  ECC0  F00F         	call	_LEDout	;wreg free
   148                           
   149                           ;main.c: 43: delay(100);
   150  001FF2  0E00               	movlw	0
   151  001FF4  6E02               	movwf	delay@t+1,c
   152  001FF6  0E64               	movlw	100
   153  001FF8  6E01               	movwf	delay@t,c
   154  001FFA  ECAE  F00F         	call	_delay	;wreg free
   155  001FFE  D7E8               	goto	l661
   156  002000                     __end_of_main:
   157                           	opt stack 0
   158                           status	equ	0xFD8
   159                           
   160 ;; *************** function _delay *****************
   161 ;; Defined at:
   162 ;;		line 7 in file "main.c"
   163 ;; Parameters:    Size  Location     Type
   164 ;;  t               2    0[COMRAM] int 
   165 ;; Auto vars:     Size  Location     Type
   166 ;;  i               1    5[COMRAM] unsigned char 
   167 ;; Return value:  Size  Location     Type
   168 ;;		None               void
   169 ;; Registers used:
   170 ;;		wreg, status,2, status,0
   171 ;; Tracked objects:
   172 ;;		On entry : 0/0
   173 ;;		On exit  : 0/0
   174 ;;		Unchanged: 0/0
   175 ;; Data sizes:     COMRAM   BANK0   BANK1   BANK2
   176 ;;      Params:         2       0       0       0
   177 ;;      Locals:         1       0       0       0
   178 ;;      Temps:          3       0       0       0
   179 ;;      Totals:         6       0       0       0
   180 ;;Total ram usage:        6 bytes
   181 ;; Hardware stack levels used:    1
   182 ;; This function calls:
   183 ;;		Nothing
   184 ;; This function is called by:
   185 ;;		_main
   186 ;; This function uses a non-reentrant model
   187 ;;
   188                           
   189                           	psect	text1
   190  001F5C                     __ptext1:
   191                           	opt stack 0
   192  001F5C                     _delay:
   193                           	opt stack 30
   194                           
   195                           ;main.c: 9: unsigned char i;
   196                           ;main.c: 10: for (i = 0; i < t ; i++);
   197                           
   198                           ;incstack = 0
   199  001F5C  0E00               	movlw	0
   200  001F5E  6E06               	movwf	delay@i,c
   201  001F60  D001               	goto	l651
   202  001F62                     l649:
   203  001F62  2A06               	incf	delay@i,f,c
   204  001F64                     l651:
   205  001F64  5006               	movf	delay@i,w,c
   206  001F66  6E03               	movwf	??_delay& (0+255),c
   207  001F68  6A04               	clrf	(??_delay+1)& (0+255),c
   208  001F6A  5001               	movf	delay@t,w,c
   209  001F6C  5C03               	subwf	??_delay,w,c
   210  001F6E  5004               	movf	??_delay+1,w,c
   211  001F70  0A80               	xorlw	128
   212  001F72  6E05               	movwf	(??_delay+2)& (0+255),c
   213  001F74  5002               	movf	delay@t+1,w,c
   214  001F76  0A80               	xorlw	128
   215  001F78  5805               	subwfb	(??_delay+2)& (0+255),w,c
   216  001F7A  B0D8               	btfsc	status,0,c
   217  001F7C  0012               	return	
   218  001F7E  D7F1               	goto	l649
   219  001F80                     __end_of_delay:
   220                           	opt stack 0
   221                           status	equ	0xFD8
   222                           
   223 ;; *************** function _LEDout *****************
   224 ;; Defined at:
   225 ;;		line 19 in file "main.c"
   226 ;; Parameters:    Size  Location     Type
   227 ;;  number          2    0[COMRAM] int 
   228 ;; Auto vars:     Size  Location     Type
   229 ;;  stop            2    3[COMRAM] int 
   230 ;; Return value:  Size  Location     Type
   231 ;;		None               void
   232 ;; Registers used:
   233 ;;		wreg, status,2, status,0
   234 ;; Tracked objects:
   235 ;;		On entry : 0/0
   236 ;;		On exit  : 0/0
   237 ;;		Unchanged: 0/0
   238 ;; Data sizes:     COMRAM   BANK0   BANK1   BANK2
   239 ;;      Params:         2       0       0       0
   240 ;;      Locals:         2       0       0       0
   241 ;;      Temps:          1       0       0       0
   242 ;;      Totals:         5       0       0       0
   243 ;;Total ram usage:        5 bytes
   244 ;; Hardware stack levels used:    1
   245 ;; This function calls:
   246 ;;		Nothing
   247 ;; This function is called by:
   248 ;;		_main
   249 ;; This function uses a non-reentrant model
   250 ;;
   251                           
   252                           	psect	text2
   253  001F80                     __ptext2:
   254                           	opt stack 0
   255  001F80                     _LEDout:
   256                           	opt stack 30
   257                           
   258                           ;main.c: 21: LATC=(number & 0b00111100)<<2;
   259                           
   260                           ;incstack = 0
   261  001F80  C001  F003         	movff	LEDout@number,??_LEDout
   262  001F84  0E3C               	movlw	60
   263  001F86  1603               	andwf	??_LEDout,f,c
   264  001F88  90D8               	bcf	status,0,c
   265  001F8A  3603               	rlcf	??_LEDout,f,c
   266  001F8C  90D8               	bcf	status,0,c
   267  001F8E  3403               	rlcf	??_LEDout,w,c
   268  001F90  6E8B               	movwf	3979,c	;volatile
   269                           
   270                           ;main.c: 23: if (number==3){
   271  001F92  0E03               	movlw	3
   272  001F94  1801               	xorwf	LEDout@number,w,c
   273  001F96  1002               	iorwf	LEDout@number+1,w,c
   274  001F98  A4D8               	btfss	status,2,c
   275  001F9A  0012               	return	
   276                           
   277                           ;main.c: 24: LATD=(number & 0b00000011)<<2;
   278  001F9C  C001  F003         	movff	LEDout@number,??_LEDout
   279  001FA0  0E03               	movlw	3
   280  001FA2  1603               	andwf	??_LEDout,f,c
   281  001FA4  90D8               	bcf	status,0,c
   282  001FA6  3603               	rlcf	??_LEDout,f,c
   283  001FA8  90D8               	bcf	status,0,c
   284  001FAA  3403               	rlcf	??_LEDout,w,c
   285  001FAC  6E8C               	movwf	3980,c	;volatile
   286                           
   287                           ;main.c: 25: int stop=0;
   288  001FAE  0E00               	movlw	0
   289  001FB0  6E05               	movwf	LEDout@stop+1,c
   290  001FB2  0E00               	movlw	0
   291  001FB4  6E04               	movwf	LEDout@stop,c
   292  001FB6  0012               	return	
   293  001FB8                     __end_of_LEDout:
   294                           	opt stack 0
   295  0000                     status	equ	0xFD8
   296                           status	equ	0xFD8
   297                           
   298                           	psect	rparam
   299  0000                     status	equ	0xFD8


Data Sizes:
    Strings     0
    Constant    0
    Data        0
    BSS         0
    Persistent  0
    Stack       0

Auto Spaces:
    Space          Size  Autos    Used
    COMRAM           95      8       8
    BANK0           160      0       0
    BANK1           256      0       0
    BANK2           256      0       0

Pointer List with Targets:

    None.

Critical Paths under _main in COMRAM

    _main->_delay

Critical Paths under _main in BANK0

    None.

Critical Paths under _main in BANK1

    None.

Critical Paths under _main in BANK2

    None.

Call Graph Tables:

 ---------------------------------------------------------------------------------
 (Depth) Function   	        Calls       Base Space   Used Autos Params    Refs
 ---------------------------------------------------------------------------------
 (0) _main                                                 2     2      0     246
                                              6 COMRAM     2     2      0
                             _LEDout
                              _delay
 ---------------------------------------------------------------------------------
 (1) _delay                                                6     4      2      89
                                              0 COMRAM     6     4      2
 ---------------------------------------------------------------------------------
 (1) _LEDout                                               5     3      2     110
                                              0 COMRAM     5     3      2
 ---------------------------------------------------------------------------------
 Estimated maximum stack depth 1
 ---------------------------------------------------------------------------------

 Call Graph Graphs:

 _main (ROOT)
   _LEDout
   _delay

 Address spaces:
Name               Size   Autos  Total    Cost      Usage
BITCOMRAM           5F      0       0       0        0.0%
EEDATA             100      0       0       0        0.0%
NULL                 0      0       0       0        0.0%
CODE                 0      0       0       0        0.0%
COMRAM              5F      8       8       1        8.4%
STACK                0      0       0       2        0.0%
ABS                  0      0       0       3        0.0%
BITBANK0            A0      0       0       4        0.0%
BANK0               A0      0       0       5        0.0%
BITBANK1           100      0       0       6        0.0%
BANK1              100      0       0       7        0.0%
BITBANK2           100      0       0       8        0.0%
BANK2              100      0       0       9        0.0%
BIGRAM             2FF      0       0      10        0.0%
DATA                 0      0       0      11        0.0%
BITSFR               0      0       0      40        0.0%
SFR                  0      0       0      40        0.0%


Microchip Technology PIC18 Macro Assembler V1.35 build -356382666 
Symbol Table                                                                                   Tue Jan 23 10:28:59 2018

                    l651 1F64                      l661 1FD0                      l649 1F62  
                    l667 1FE6                     _LATC 000F8B                     _LATD 000F8C  
                   _main 1FB8                     start 0000             ___param_bank 000010  
                  ?_main 0001                    _TRISC 000F94                    _TRISD 000F95  
                  _delay 1F5C                    main@a 0007                    status 000FD8  
        __initialization 1F56             __end_of_main 2000                   ??_main 0007  
          __activetblptr 000000                   ?_delay 0001                   _LEDout 1F80  
                 delay@i 0006                   delay@t 0001               __accesstop 0060  
__end_of__initialization 1F56            ___rparam_used 000001           __pcstackCOMRAM 0001  
          __end_of_delay 1F80                  ??_delay 0003                  ?_LEDout 0001  
        __size_of_LEDout 0038                  __Hparam 0000                  __Lparam 0000  
                __pcinit 1F56                  __ramtop 0300                  __ptext0 1FB8  
                __ptext1 1F5C                  __ptext2 1F80     end_of_initialization 1F56  
           LEDout@number 0001           __end_of_LEDout 1FB8      start_initialization 1F56  
               ??_LEDout 0003               LEDout@stop 0004           __size_of_delay 0024  
               __Hrparam 0000                 __Lrparam 0000            __size_of_main 0048  
